生成启动时间为 2018/1/18 16:09:37。
     1>项目“F:\VS2013\C++\RTP_MatserVoice\Master-RTP-Voice\ConsoleApplication-RTPVoice\ConsoleApplication-RTPVoice\ConsoleApplication-RTPVoice.vcxproj”在节点 2 上(Rebuild 个目标)。
     1>ClCompile:
         E:\Program x86C\Microsoft Visual Studio 12.0\VC\bin\CL.exe /c /Zi /nologo /W3 /WX- /sdl /O2 /Oi /Oy- /GL /D WIN32 /D NDEBUG /D _CONSOLE /D _LIB /D _UNICODE /D UNICODE /Gm- /EHsc /MD /GS /Gy /fp:precise /Zc:wchar_t /Zc:forScope /Yc"stdafx.h" /Fp"Release\ConsoleApplication-RTPVoice.pch" /Fo"Release\\" /Fd"Release\vc120.pdb" /Gd /TP /analyze- /errorReport:prompt stdafx.cpp
         stdafx.cpp
         E:\Program x86C\Microsoft Visual Studio 12.0\VC\bin\CL.exe /c /Zi /nologo /W3 /WX- /sdl /O2 /Oi /Oy- /GL /D WIN32 /D NDEBUG /D _CONSOLE /D _LIB /D _UNICODE /D UNICODE /Gm- /EHsc /MD /GS /Gy /fp:precise /Zc:wchar_t /Zc:forScope /Yu"stdafx.h" /Fp"Release\ConsoleApplication-RTPVoice.pch" /Fo"Release\\" /Fd"Release\vc120.pdb" /Gd /TP /analyze- /errorReport:prompt "ConsoleApplication-RTPVoice.cpp" src\FifoQueue\fifoqueue.cpp src\mymaster.cpp src\MyProtocol\myprotocol.cpp src\MyRTP\myrtp.cpp src\SocketWrap\socketwrap.cpp src\SynInterface\syninterface.cpp
         ConsoleApplication-RTPVoice.cpp
     1>ConsoleApplication-RTPVoice.cpp(5): fatal error C1083: 无法打开包括文件: “mymaster.h”: No such file or directory
         fifoqueue.cpp
     1>f:\vs2013\c++\rtp_matservoice\master-rtp-voice\consoleapplication-rtpvoice\consoleapplication-rtpvoice\src\fifoqueue\fifoqueue.h(10): fatal error C1083: 无法打开包括文件: “common.h”: No such file or directory
         mymaster.cpp
     1>f:\vs2013\c++\rtp_matservoice\master-rtp-voice\consoleapplication-rtpvoice\consoleapplication-rtpvoice\src\myinclude.h(6): fatal error C1083: 无法打开包括文件: “myprotocol.h”: No such file or directory
         myprotocol.cpp
     1>f:\vs2013\c++\rtp_matservoice\master-rtp-voice\consoleapplication-rtpvoice\consoleapplication-rtpvoice\src\myprotocol\myprotocol.h(13): fatal error C1083: 无法打开包括文件: “common.h”: No such file or directory
         myrtp.cpp
     1>f:\vs2013\c++\rtp_matservoice\master-rtp-voice\consoleapplication-rtpvoice\consoleapplication-rtpvoice\src\myrtp\myrtp.h(11): fatal error C1083: 无法打开包括文件: “rtpsession.h”: No such file or directory
         socketwrap.cpp
     1>f:\vs2013\c++\rtp_matservoice\master-rtp-voice\consoleapplication-rtpvoice\consoleapplication-rtpvoice\src\socketwrap\socketwrap.h(4): fatal error C1083: 无法打开包括文件: “common.h”: No such file or directory
         syninterface.cpp
     1>f:\vs2013\c++\rtp_matservoice\master-rtp-voice\consoleapplication-rtpvoice\consoleapplication-rtpvoice\src\syninterface\syninterface.h(10): fatal error C1083: 无法打开包括文件: “common.h”: No such file or directory
     1>已完成生成项目“F:\VS2013\C++\RTP_MatserVoice\Master-RTP-Voice\ConsoleApplication-RTPVoice\ConsoleApplication-RTPVoice\ConsoleApplication-RTPVoice.vcxproj”(Rebuild 个目标)的操作 - 失败。

生成失败。

已用时间 00:00:00.85
